This is pdfTeX, Version 3.1415926-1.40.11 (MiKTeX 2.9 64-bit) (preloaded format=pdflatex 2015.8.24)  3 MAY 2016 00:24
entering extended mode
**E:/asu/asu_courses/semester2/design_optimization/project/final/report_final.t
ex

(E:/asu/asu_courses/semester2/design_optimization/project/final/report_final.te
x
LaTeX2e <2009/09/24>
Babel <v3.8l> and hyphenation patterns for english, afrikaans, ancientgreek, ar
abic, armenian, assamese, basque, bengali, bokmal, bulgarian, catalan, coptic, 
croatian, czech, danish, dutch, esperanto, estonian, farsi, finnish, french, ga
lician, german, german-x-2009-06-19, greek, gujarati, hindi, hungarian, iceland
ic, indonesian, interlingua, irish, italian, kannada, kurmanji, lao, latin, lat
vian, lithuanian, malayalam, marathi, mongolian, mongolianlmc, monogreek, ngerm
an, ngerman-x-2009-06-19, nynorsk, oriya, panjabi, pinyin, polish, portuguese, 
romanian, russian, sanskrit, serbian, slovak, slovenian, spanish, swedish, swis
sgerman, tamil, telugu, turkish, turkmen, ukenglish, ukrainian, uppersorbian, u
senglishmax, welsh, loaded.
("C:\Program Files\MiKTeX 2.9\tex\latex\base\article.cls"
Document Class: article 2007/10/19 v1.4h Standard LaTeX document class
("C:\Program Files\MiKTeX 2.9\tex\latex\base\size12.clo"
File: size12.clo 2007/10/19 v1.4h Standard LaTeX file (size option)
)
\c@part=\count79
\c@section=\count80
\c@subsection=\count81
\c@subsubsection=\count82
\c@paragraph=\count83
\c@subparagraph=\count84
\c@figure=\count85
\c@table=\count86
\abovecaptionskip=\skip41
\belowcaptionskip=\skip42
\bibindent=\dimen102
)
("C:\Program Files\MiKTeX 2.9\tex\latex\ams\math\amsmath.sty"
Package: amsmath 2000/07/18 v2.13 AMS math features
\@mathmargin=\skip43

For additional information on amsmath, use the `?' option.
("C:\Program Files\MiKTeX 2.9\tex\latex\ams\math\amstext.sty"
Package: amstext 2000/06/29 v2.01

("C:\Program Files\MiKTeX 2.9\tex\latex\ams\math\amsgen.sty"
File: amsgen.sty 1999/11/30 v2.0
\@emptytoks=\toks14
\ex@=\dimen103
))
("C:\Program Files\MiKTeX 2.9\tex\latex\ams\math\amsbsy.sty"
Package: amsbsy 1999/11/29 v1.2d
\pmbraise@=\dimen104
)
("C:\Program Files\MiKTeX 2.9\tex\latex\ams\math\amsopn.sty"
Package: amsopn 1999/12/14 v2.01 operator names
)
\inf@bad=\count87
LaTeX Info: Redefining \frac on input line 211.
\uproot@=\count88
\leftroot@=\count89
LaTeX Info: Redefining \overline on input line 307.
\classnum@=\count90
\DOTSCASE@=\count91
LaTeX Info: Redefining \ldots on input line 379.
LaTeX Info: Redefining \dots on input line 382.
LaTeX Info: Redefining \cdots on input line 467.
\Mathstrutbox@=\box26
\strutbox@=\box27
\big@size=\dimen105
LaTeX Font Info:    Redeclaring font encoding OML on input line 567.
LaTeX Font Info:    Redeclaring font encoding OMS on input line 568.
\macc@depth=\count92
\c@MaxMatrixCols=\count93
\dotsspace@=\muskip10
\c@parentequation=\count94
\dspbrk@lvl=\count95
\tag@help=\toks15
\row@=\count96
\column@=\count97
\maxfields@=\count98
\andhelp@=\toks16
\eqnshift@=\dimen106
\alignsep@=\dimen107
\tagshift@=\dimen108
\tagwidth@=\dimen109
\totwidth@=\dimen110
\lineht@=\dimen111
\@envbody=\toks17
\multlinegap=\skip44
\multlinetaggap=\skip45
\mathdisplay@stack=\toks18
LaTeX Info: Redefining \[ on input line 2666.
LaTeX Info: Redefining \] on input line 2667.
)
("C:\Program Files\MiKTeX 2.9\tex\latex\geometry\geometry.sty"
Package: geometry 2010/09/12 v5.6 Page Geometry

("C:\Program Files\MiKTeX 2.9\tex\latex\graphics\keyval.sty"
Package: keyval 1999/03/16 v1.13 key=value parser (DPC)
\KV@toks@=\toks19
)
("C:\Program Files\MiKTeX 2.9\tex\generic\oberdiek\ifpdf.sty"
Package: ifpdf 2010/01/28 v2.1 Provides the ifpdf switch (HO)
Package ifpdf Info: pdfTeX in pdf mode detected.
)
("C:\Program Files\MiKTeX 2.9\tex\generic\oberdiek\ifvtex.sty"
Package: ifvtex 2010/03/01 v1.5 Switches for detecting VTeX and its modes (HO)
Package ifvtex Info: VTeX not detected.
)
("C:\Program Files\MiKTeX 2.9\tex\generic\ifxetex\ifxetex.sty"
Package: ifxetex 2010/09/12 v0.6 Provides ifxetex conditional
)
\Gm@cnth=\count99
\Gm@cntv=\count100
\c@Gm@tempcnt=\count101
\Gm@bindingoffset=\dimen112
\Gm@wd@mp=\dimen113
\Gm@odd@mp=\dimen114
\Gm@even@mp=\dimen115
\Gm@layoutwidth=\dimen116
\Gm@layoutheight=\dimen117
\Gm@layouthoffset=\dimen118
\Gm@layoutvoffset=\dimen119
\Gm@dimlist=\toks20

("C:\Program Files\MiKTeX 2.9\tex\latex\geometry\geometry.cfg"))
(C:\Users\Aditya\AppData\Roaming\MiKTeX\2.9\tex\latex\hyphenat\hyphenat.sty
Package: hyphenat 2009/09/02 v2.3c hyphenation utilities
\langwohyphens=\language70
LaTeX Info: Redefining \_ on input line 43.
)
("C:\Program Files\MiKTeX 2.9\tex\latex\graphics\graphicx.sty"
Package: graphicx 1999/02/16 v1.0f Enhanced LaTeX Graphics (DPC,SPQR)

("C:\Program Files\MiKTeX 2.9\tex\latex\graphics\graphics.sty"
Package: graphics 2009/02/05 v1.0o Standard LaTeX Graphics (DPC,SPQR)

("C:\Program Files\MiKTeX 2.9\tex\latex\graphics\trig.sty"
Package: trig 1999/03/16 v1.09 sin cos tan (DPC)
)
("C:\Program Files\MiKTeX 2.9\tex\latex\00miktex\graphics.cfg"
File: graphics.cfg 2007/01/18 v1.5 graphics configuration of teTeX/TeXLive
)
Package graphics Info: Driver file: pdftex.def on input line 91.

("C:\Program Files\MiKTeX 2.9\tex\latex\pdftex-def\pdftex.def"
File: pdftex.def 2011/01/28 v0.05d Graphics/color for pdfTeX
\Gread@gobject=\count102
))
\Gin@req@height=\dimen120
\Gin@req@width=\dimen121
)
(C:\Users\Aditya\AppData\Roaming\MiKTeX\2.9\tex\latex\caption\subcaption.sty
Package: subcaption 2015/09/15 v1.1-100 Sub-captions (AR)

(C:\Users\Aditya\AppData\Roaming\MiKTeX\2.9\tex\latex\caption\caption.sty
Package: caption 2015/09/17 v3.3-111 Customizing captions (AR)

(C:\Users\Aditya\AppData\Roaming\MiKTeX\2.9\tex\latex\caption\caption3.sty
Package: caption3 2015/09/20 v1.7-115 caption3 kernel (AR)
Package caption3 Info: TeX engine: e-TeX on input line 57.
\captionmargin=\dimen122
\captionmargin@=\dimen123
\captionwidth=\dimen124
\caption@tempdima=\dimen125
\caption@indent=\dimen126
\caption@parindent=\dimen127
\caption@hangindent=\dimen128
)
\c@ContinuedFloat=\count103
)
\c@subfigure=\count104
\c@subtable=\count105
)
("C:\Program Files\MiKTeX 2.9\tex\latex\float\float.sty"
Package: float 2001/11/08 v1.3d Float enhancements (AL)
\c@float@type=\count106
\float@exts=\toks21
\float@box=\box28
\@float@everytoks=\toks22
\@floatcapt=\box29
)
("C:\Program Files\MiKTeX 2.9\tex\latex\tools\longtable.sty"
Package: longtable 2004/02/01 v4.11 Multi-page Table package (DPC)
\LTleft=\skip46
\LTright=\skip47
\LTpre=\skip48
\LTpost=\skip49
\LTchunksize=\count107
\LTcapwidth=\dimen129
\LT@head=\box30
\LT@firsthead=\box31
\LT@foot=\box32
\LT@lastfoot=\box33
\LT@cols=\count108
\LT@rows=\count109
\c@LT@tables=\count110
\c@LT@chunks=\count111
\LT@p@ftn=\toks23
)
(E:\asu\asu_courses\semester2\design_optimization\project\final\report_final.au
x)
LaTeX Font Info:    Checking defaults for OML/cmm/m/it on input line 12.
LaTeX Font Info:    ... okay on input line 12.
LaTeX Font Info:    Checking defaults for T1/cmr/m/n on input line 12.
LaTeX Font Info:    ... okay on input line 12.
LaTeX Font Info:    Checking defaults for OT1/cmr/m/n on input line 12.
LaTeX Font Info:    ... okay on input line 12.
LaTeX Font Info:    Checking defaults for OMS/cmsy/m/n on input line 12.
LaTeX Font Info:    ... okay on input line 12.
LaTeX Font Info:    Checking defaults for OMX/cmex/m/n on input line 12.
LaTeX Font Info:    ... okay on input line 12.
LaTeX Font Info:    Checking defaults for U/cmr/m/n on input line 12.
LaTeX Font Info:    ... okay on input line 12.

*geometry* driver: auto-detecting
*geometry* detected driver: pdftex
*geometry* verbose mode - [ preamble ] result:
* driver: pdftex
* paper: <default>
* layout: <same size as paper>
* layoutoffset:(h,v)=(0.0pt,0.0pt)
* modes: 
* h-part:(L,W,R)=(72.26999pt, 484.2088pt, 57.81621pt)
* v-part:(T,H,B)=(72.26999pt, 650.43001pt, 72.26999pt)
* \paperwidth=614.295pt
* \paperheight=794.96999pt
* \textwidth=484.2088pt
* \textheight=650.43001pt
* \oddsidemargin=0.0pt
* \evensidemargin=0.0pt
* \topmargin=-37.0pt
* \headheight=12.0pt
* \headsep=25.0pt
* \topskip=12.0pt
* \footskip=30.0pt
* \marginparwidth=44.0pt
* \marginparsep=10.0pt
* \columnsep=10.0pt
* \skip\footins=10.8pt plus 4.0pt minus 2.0pt
* \hoffset=0.0pt
* \voffset=0.0pt
* \mag=1000
* \@twocolumnfalse
* \@twosidefalse
* \@mparswitchfalse
* \@reversemarginfalse
* (1in=72.27pt=25.4mm, 1cm=28.453pt)

(C:\Users\Aditya\AppData\Roaming\MiKTeX\2.9\tex\context\base\supp-pdf.mkii
[Loading MPS to PDF converter (version 2006.09.02).]
\scratchcounter=\count112
\scratchdimen=\dimen130
\scratchbox=\box34
\nofMPsegments=\count113
\nofMParguments=\count114
\everyMPshowfont=\toks24
\MPscratchCnt=\count115
\MPscratchDim=\dimen131
\MPnumerator=\count116
\makeMPintoPDFobject=\count117
\everyMPtoPDFconversion=\toks25
)
Package caption Info: Begin \AtBeginDocument code.
Package caption Info: float package is loaded.
Package caption Info: longtable package is loaded.
 (C:\Users\Aditya\AppData\Roaming\MiKTeX\2.9\tex\latex\caption\ltcaption.sty
Package: ltcaption 2013/06/09 v1.4-94 longtable captions (AR)
)
Package caption Info: End \AtBeginDocument code.

[1

{C:/Users/Aditya/AppData/Local/MiKTeX/2.9/pdftex/config/pdftex.map}] [2]
(E:\asu\asu_courses\semester2\design_optimization\project\final\report_final.to
c)
\tf@toc=\write3
 [3]
(E:\asu\asu_courses\semester2\design_optimization\project\final\report_final.lo
f
Overfull \hbox (0.539pt too wide) in paragraph at lines 24--24
 [][] []\OT1/cmr/m/n/12 Optimal di-men-sions can-di-date points for com-bined s
truc-tural, modal and ther-mal 
 []

)
\tf@lof=\write4
 [4]
(E:\asu\asu_courses\semester2\design_optimization\project\final\report_final.lo
t
Overfull \hbox (9.90717pt too wide) in paragraph at lines 7--7
 [][] []\OT1/cmr/m/n/12 Correlation be-tween MAT-LAB and AN-SYS op-ti-mal val-u
es for com-bined struc-tural, 
 []

)
\tf@lot=\write5
 [5]
Underfull \hbox (badness 10000) in paragraph at lines 32--34

 []

LaTeX Font Info:    Try loading font information for OMS+cmr on input line 35.
("C:\Program Files\MiKTeX 2.9\tex\latex\base\omscmr.fd"
File: omscmr.fd 1999/05/25 v2.5h Standard LaTeX font definitions
)
LaTeX Font Info:    Font shape `OMS/cmr/m/n' in size <12> not available
(Font)              Font shape `OMS/cmsy/m/n' tried instead on input line 35.

Underfull \hbox (badness 10000) in paragraph at lines 40--43

 []


Underfull \hbox (badness 10000) in paragraph at lines 44--47

 []


Underfull \hbox (badness 10000) in paragraph at lines 48--51

 []

<flow.jpg, id=21, 490.33188pt x 335.2525pt>
File: flow.jpg Graphic file (type jpg)
 <use flow.jpg>
Underfull \hbox (badness 10000) in paragraph at lines 52--62

 []


Overfull \hbox (1.87411pt too wide) in paragraph at lines 52--62
\OT1/cmr/m/n/12 MAT-LAB. This in-cludes the use of op-ti-miza-tion al-go-rithms
 like \OT1/cmr/m/it/12 interior-point method (fmin-con),
 []


Underfull \hbox (badness 10000) in paragraph at lines 52--62

 []

[6] [7 <E:/asu/asu_courses/semester2/design_optimization/project/final/flow.jpg
>]
Underfull \hbox (badness 10000) in paragraph at lines 92--95

 []

[8]
Underfull \hbox (badness 10000) in paragraph at lines 107--109

 []


Overfull \hbox (3.2329pt too wide) in paragraph at lines 126--129
\OT1/cmr/m/n/12 by as-sum-ing the rest of the ob-jec-tives as con-straints. In 
or-der to use single-objective op-ti-miza-tion
 []


Underfull \hbox (badness 10000) in paragraph at lines 126--129

 []


Underfull \hbox (badness 10000) in paragraph at lines 143--145

 []


Underfull \hbox (badness 10000) in paragraph at lines 146--148

 []

[9]
Underfull \hbox (badness 10000) in paragraph at lines 149--151

 []

<flow_ansys.jpg, id=43, 237.38687pt x 332.24126pt>
File: flow_ansys.jpg Graphic file (type jpg)
 <use flow_ansys.jpg>
<cad.jpg, id=44, 458.46281pt x 356.0803pt>
File: cad.jpg Graphic file (type jpg)
 <use cad.jpg> [10 <E:/asu/asu_courses/semester2/design_optimization/project/fi
nal/flow_ansys.jpg>]
<mesh.jpg, id=48, 247.92625pt x 276.53313pt>
File: mesh.jpg Graphic file (type jpg)
 <use mesh.jpg> [11 <E:/asu/asu_courses/semester2/design_optimization/project/f
inal/cad.jpg> <E:/asu/asu_courses/semester2/design_optimization/project/final/m
esh.jpg>]
Underfull \vbox (badness 10000) detected at line 195
 []


Underfull \hbox (badness 10000) in paragraph at lines 206--208

 []

[12] <bc.jpg, id=55, 484.81125pt x 288.57813pt>
File: bc.jpg Graphic file (type jpg)
 <use bc.jpg>
<stress.jpg, id=56, 492.33937pt x 344.78813pt>
File: stress.jpg Graphic file (type jpg)
 <use stress.jpg>
<mode.jpg, id=57, 484.81125pt x 331.2375pt>
File: mode.jpg Graphic file (type jpg)
 <use mode.jpg> [13 <E:/asu/asu_courses/semester2/design_optimization/project/f
inal/bc.jpg> <E:/asu/asu_courses/semester2/design_optimization/project/final/st
ress.jpg>]
Underfull \hbox (badness 10000) in paragraph at lines 254--256

 []

<bc1.jpg, id=62, 486.31688pt x 307.64937pt>
File: bc1.jpg Graphic file (type jpg)
 <use bc1.jpg> [14 <E:/asu/asu_courses/semester2/design_optimization/project/fi
nal/mode.jpg>]
<temp.jpg, id=66, 414.04688pt x 347.79938pt>
File: temp.jpg Graphic file (type jpg)
 <use temp.jpg> [15 <E:/asu/asu_courses/semester2/design_optimization/project/f
inal/bc1.jpg> <E:/asu/asu_courses/semester2/design_optimization/project/final/t
emp.jpg>]
<reg1.jpg, id=70, 363.85938pt x 322.70563pt>
File: reg1.jpg Graphic file (type jpg)
 <use reg1.jpg>
<reg2.jpg, id=71, 365.365pt x 296.60812pt>
File: reg2.jpg Graphic file (type jpg)
 <use reg2.jpg>
<reg3.jpg, id=72, 365.365pt x 305.64188pt>
File: reg3.jpg Graphic file (type jpg)
 <use reg3.jpg> [16 <E:/asu/asu_courses/semester2/design_optimization/project/f
inal/reg1.jpg>]
<structural_pareto.jpg, id=76, 1285.80376pt x 581.17125pt>
File: structural_pareto.jpg Graphic file (type jpg)

<use structural_pareto.jpg> [17 <E:/asu/asu_courses/semester2/design_optimizati
on/project/final/reg2.jpg> <E:/asu/asu_courses/semester2/design_optimization/pr
oject/final/reg3.jpg>] <cs.jpg, id=80, 360.84813pt x 161.10187pt>
File: cs.jpg Graphic file (type jpg)
 <use cs.jpg>
<modal_pareto.jpg, id=81, 1285.80376pt x 581.17125pt>
File: modal_pareto.jpg Graphic file (type jpg)
 <use modal_pareto.jpg>
[18 <E:/asu/asu_courses/semester2/design_optimization/project/final/structural_
pareto.jpg>] <cn.jpg, id=85, 361.35pt x 164.11313pt>
File: cn.jpg Graphic file (type jpg)
 <use cn.jpg> [19 <E:/asu/asu_courses/semester2/design_optimization/project/fin
al/cs.jpg> <E:/asu/asu_courses/semester2/design_optimization/project/final/moda
l_pareto.jpg>]
<thermal_pareto.jpg, id=90, 1285.80376pt x 581.17125pt>
File: thermal_pareto.jpg Graphic file (type jpg)

<use thermal_pareto.jpg> <ct.jpg, id=91, 366.36874pt x 163.61125pt>
File: ct.jpg Graphic file (type jpg)

<use ct.jpg> [20 <E:/asu/asu_courses/semester2/design_optimization/project/fina
l/cn.jpg> <E:/asu/asu_courses/semester2/design_optimization/project/final/therm
al_pareto.jpg>]
Underfull \vbox (badness 10000) detected at line 376
 []


Overfull \vbox (0.14223pt too high) has occurred while \output is active []


[21 <E:/asu/asu_courses/semester2/design_optimization/project/final/ct.jpg>]
Underfull \vbox (badness 10000) detected at line 397
 []

[22]
Underfull \vbox (badness 10000) detected at line 418
 []

<temp_freq_pareto.jpg, id=101, 1285.80376pt x 581.17125pt>
File: temp_freq_pareto.jpg Graphic file (type jpg)

<use temp_freq_pareto.jpg>
Overfull \hbox (48.42383pt too wide) in paragraph at lines 430--431
 [] 
 []


Underfull \hbox (badness 10000) in paragraph at lines 424--434

 []


Underfull \hbox (badness 10000) in paragraph at lines 424--434

 []


Underfull \hbox (badness 10000) in paragraph at lines 424--434

 []

[23] <mt.jpg, id=105, 481.29813pt x 181.67876pt>
File: mt.jpg Graphic file (type jpg)
 <use mt.jpg> [24 <E:/asu/asu_courses/semester2/design_optimization/project/fin
al/temp_freq_pareto.jpg> <E:/asu/asu_courses/semester2/design_optimization/proj
ect/final/mt.jpg>]
Underfull \vbox (badness 10000) detected at line 461
 []

<stress_freq_pareto.jpg, id=109, 1285.80376pt x 581.17125pt>
File: stress_freq_pareto.jpg Graphic file (type jpg)

<use stress_freq_pareto.jpg> <ms.jpg, id=110, 484.30937pt x 181.17688pt>
File: ms.jpg Graphic file (type jpg)

<use ms.jpg>
Underfull \hbox (badness 10000) in paragraph at lines 464--482

 []


Underfull \hbox (badness 10000) in paragraph at lines 464--482

 []


Underfull \hbox (badness 10000) in paragraph at lines 464--482

 []

[25]
Underfull \vbox (badness 10000) detected at line 500
 []

[26 <E:/asu/asu_courses/semester2/design_optimization/project/final/stress_freq
_pareto.jpg> <E:/asu/asu_courses/semester2/design_optimization/project/final/ms
.jpg>] <doe_all.jpg, id=118, 378.41376pt x 261.97874pt>
File: doe_all.jpg Graphic file (type jpg)
 <use doe_all.jpg>
Underfull \hbox (badness 10000) in paragraph at lines 504--514

 []


Underfull \hbox (badness 10000) in paragraph at lines 504--514

 []


Underfull \hbox (badness 10000) in paragraph at lines 504--514

 []

<mg.jpg, id=119, 483.8075pt x 217.81375pt>
File: mg.jpg Graphic file (type jpg)
 <use mg.jpg> [27 <E:/asu/asu_courses/semester2/design_optimization/project/fin
al/doe_all.jpg>]
Underfull \vbox (badness 10000) detected at line 544
 []

<geom.jpg, id=123, 329.73187pt x 355.3275pt>
File: geom.jpg Graphic file (type jpg)
 <use geom.jpg> [28 <E:/asu/asu_courses/semester2/design_optimization/project/f
inal/mg.jpg>]
Missing character: There is no â in font cmr12!
Missing character: There is no € in font cmr12!
Missing character: There is no “ in font cmr12!

Underfull \hbox (badness 10000) in paragraph at lines 554--561

 []


Underfull \hbox (badness 10000) in paragraph at lines 554--561

 []


Underfull \hbox (badness 10000) in paragraph at lines 554--561

 []


Underfull \hbox (badness 10000) in paragraph at lines 554--561

 []


Underfull \hbox (badness 10000) in paragraph at lines 554--561

 []


Underfull \hbox (badness 10000) in paragraph at lines 554--561

 []

[29 <E:/asu/asu_courses/semester2/design_optimization/project/final/geom.jpg>]
[30] <doe1.jpg, id=133, 488.32437pt x 304.13625pt>
File: doe1.jpg Graphic file (type jpg)
 <use doe1.jpg>
<doe2.jpg, id=134, 489.32813pt x 264.48813pt>
File: doe2.jpg Graphic file (type jpg)
 <use doe2.jpg>
Overfull \hbox (13.14607pt too wide) in paragraph at lines 578--580
\OT1/cmr/m/n/12 MOGA and fmin-con (IPM) MAT-LAB codes for sub-sys-tem and com-b
ined sys-tem level op-ti-miza-tion
 []

[31 <E:/asu/asu_courses/semester2/design_optimization/project/final/doe1.jpg> <
E:/asu/asu_courses/semester2/design_optimization/project/final/doe2.jpg>]
(E:\asu\asu_courses\semester2\design_optimization\project\final\report_final.au
x) ) 
Here is how much of TeX's memory you used:
 3588 strings out of 494053
 52665 string characters out of 3148600
 122889 words of memory out of 3000000
 6828 multiletter control sequences out of 15000+200000
 10814 words of font info for 39 fonts, out of 3000000 for 9000
 715 hyphenation exceptions out of 8191
 42i,10n,44p,968b,339s stack positions out of 5000i,500n,10000p,200000b,50000s
<C:/Program Files/MiKTeX 2.9/fonts/type1/public/amsfonts/cm/cmbx12.pfb><C:/
Program Files/MiKTeX 2.9/fonts/type1/public/amsfonts/cm/cmex10.pfb><C:/Program 
Files/MiKTeX 2.9/fonts/type1/public/amsfonts/cm/cmmi10.pfb><C:/Program Files/Mi
KTeX 2.9/fonts/type1/public/amsfonts/cm/cmmi12.pfb><C:/Program Files/MiKTeX 2.9
/fonts/type1/public/amsfonts/cm/cmmi7.pfb><C:/Program Files/MiKTeX 2.9/fonts/ty
pe1/public/amsfonts/cm/cmmi8.pfb><C:/Program Files/MiKTeX 2.9/fonts/type1/publi
c/amsfonts/cm/cmr10.pfb><C:/Program Files/MiKTeX 2.9/fonts/type1/public/amsfont
s/cm/cmr12.pfb><C:/Program Files/MiKTeX 2.9/fonts/type1/public/amsfonts/cm/cmr7
.pfb><C:/Program Files/MiKTeX 2.9/fonts/type1/public/amsfonts/cm/cmr8.pfb><C:/P
rogram Files/MiKTeX 2.9/fonts/type1/public/amsfonts/cm/cmsy10.pfb><C:/Program F
iles/MiKTeX 2.9/fonts/type1/public/amsfonts/cm/cmti12.pfb>
Output written on report_final.pdf (31 pages, 2094122 bytes).
PDF statistics:
 177 PDF objects out of 1000 (max. 8388607)
 0 named destinations out of 1000 (max. 500000)
 136 words of extra memory for PDF output out of 10000 (max. 10000000)

